2025-08-15T20:42:53.921+05:30  INFO 22664 --- [Smart-Classroom-BackEnd] [main] l.i.g.s.SmartClassroomBackEndApplication : Starting SmartClassroomBackEndApplication using Java 21.0.7 with PID 22664 (C:\IJSE\AAD\AAD-SecondSemester-FinalProject\Smart-Classroom-BackEnd\target\classes started by user in C:\IJSE\AAD\AAD-SecondSemester-FinalProject)
2025-08-15T20:42:53.924+05:30  INFO 22664 --- [Smart-Classroom-BackEnd] [main] l.i.g.s.SmartClassroomBackEndApplication : No active profile set, falling back to 1 default profile: "default"
2025-08-15T20:42:54.469+05:30  INFO 22664 --- [Smart-Classroom-BackEnd] [main] .s.d.r.c.RepositoryConfigurationDelegate : Bootstrapping Spring Data JPA repositories in DEFAULT mode.
2025-08-15T20:42:54.519+05:30  INFO 22664 --- [Smart-Classroom-BackEnd] [main] .s.d.r.c.RepositoryConfigurationDelegate : Finished Spring Data repository scanning in 41 ms. Found 1 JPA repository interface.
2025-08-15T20:42:54.878+05:30  INFO 22664 --- [Smart-Classroom-BackEnd] [main] o.s.b.w.embedded.tomcat.TomcatWebServer  : Tomcat initialized with port 8080 (http)
2025-08-15T20:42:54.888+05:30  INFO 22664 --- [Smart-Classroom-BackEnd] [main] o.apache.catalina.core.StandardService   : Starting service [Tomcat]
2025-08-15T20:42:54.889+05:30  INFO 22664 --- [Smart-Classroom-BackEnd] [main] o.apache.catalina.core.StandardEngine    : Starting Servlet engine: [Apache Tomcat/10.1.43]
2025-08-15T20:42:54.933+05:30  INFO 22664 --- [Smart-Classroom-BackEnd] [main] o.a.c.c.C.[Tomcat].[localhost].[/]       : Initializing Spring embedded WebApplicationContext
2025-08-15T20:42:54.934+05:30  INFO 22664 --- [Smart-Classroom-BackEnd] [main] w.s.c.ServletWebServerApplicationContext : Root WebApplicationContext: initialization completed in 962 ms
2025-08-15T20:42:55.052+05:30  INFO 22664 --- [Smart-Classroom-BackEnd] [main] o.hibernate.jpa.internal.util.LogHelper  : HHH000204: Processing PersistenceUnitInfo [name: default]
2025-08-15T20:42:55.134+05:30  INFO 22664 --- [Smart-Classroom-BackEnd] [main] org.hibernate.Version                    : HHH000412: Hibernate ORM core version 6.6.22.Final
2025-08-15T20:42:55.184+05:30  INFO 22664 --- [Smart-Classroom-BackEnd] [main] o.h.c.internal.RegionFactoryInitiator    : HHH000026: Second-level cache disabled
2025-08-15T20:42:55.454+05:30  INFO 22664 --- [Smart-Classroom-BackEnd] [main] o.s.o.j.p.SpringPersistenceUnitInfo      : No LoadTimeWeaver setup: ignoring JPA class transformer
2025-08-15T20:42:55.479+05:30  INFO 22664 --- [Smart-Classroom-BackEnd] [main] com.zaxxer.hikari.HikariDataSource       : HikariPool-1 - Starting...
2025-08-15T20:42:56.143+05:30  INFO 22664 --- [Smart-Classroom-BackEnd] [main] com.zaxxer.hikari.pool.HikariPool        : HikariPool-1 - Added connection com.mysql.cj.jdbc.ConnectionImpl@797f97e3
2025-08-15T20:42:56.145+05:30  INFO 22664 --- [Smart-Classroom-BackEnd] [main] com.zaxxer.hikari.HikariDataSource       : HikariPool-1 - Start completed.
2025-08-15T20:42:56.198+05:30  WARN 22664 --- [Smart-Classroom-BackEnd] [main] org.hibernate.orm.deprecation            : HHH90000025: MySQLDialect does not need to be specified explicitly using 'hibernate.dialect' (remove the property setting and it will be selected by default)
2025-08-15T20:42:56.217+05:30  INFO 22664 --- [Smart-Classroom-BackEnd] [main] org.hibernate.orm.connections.pooling    : HHH10001005: Database info:
	Database JDBC URL [Connecting through datasource 'HikariDataSource (HikariPool-1)']
	Database driver: undefined/unknown
	Database version: 8.0.36
	Autocommit mode: undefined/unknown
	Isolation level: undefined/unknown
	Minimum pool size: undefined/unknown
	Maximum pool size: undefined/unknown
2025-08-15T20:42:56.938+05:30  INFO 22664 --- [Smart-Classroom-BackEnd] [main] o.h.e.t.j.p.i.JtaPlatformInitiator       : HHH000489: No JTA platform available (set 'hibernate.transaction.jta.platform' to enable JTA platform integration)
2025-08-15T20:42:57.022+05:30  INFO 22664 --- [Smart-Classroom-BackEnd] [main] j.LocalContainerEntityManagerFactoryBean : Initialized JPA EntityManagerFactory for persistence unit 'default'
2025-08-15T20:42:57.176+05:30  WARN 22664 --- [Smart-Classroom-BackEnd] [main] JpaBaseConfiguration$JpaWebConfiguration : spring.jpa.open-in-view is enabled by default. Therefore, database queries may be performed during view rendering. Explicitly configure spring.jpa.open-in-view to disable this warning
2025-08-15T20:42:57.435+05:30  INFO 22664 --- [Smart-Classroom-BackEnd] [main] o.s.b.w.embedded.tomcat.TomcatWebServer  : Tomcat started on port 8080 (http) with context path '/'
2025-08-15T20:42:57.440+05:30  INFO 22664 --- [Smart-Classroom-BackEnd] [main] l.i.g.s.SmartClassroomBackEndApplication : Started SmartClassroomBackEndApplication in 3.91 seconds (process running for 5.125)
2025-08-15T20:53:04.345+05:30  INFO 22664 --- [Smart-Classroom-BackEnd] [http-nio-8080-exec-2] o.a.c.c.C.[Tomcat].[localhost].[/]       : Initializing Spring DispatcherServlet 'dispatcherServlet'
2025-08-15T20:53:04.345+05:30  INFO 22664 --- [Smart-Classroom-BackEnd] [http-nio-8080-exec-2] o.s.web.servlet.DispatcherServlet        : Initializing Servlet 'dispatcherServlet'
2025-08-15T20:53:04.346+05:30  INFO 22664 --- [Smart-Classroom-BackEnd] [http-nio-8080-exec-2] o.s.web.servlet.DispatcherServlet        : Completed initialization in 1 ms
2025-08-15T20:55:26.157+05:30  INFO 22664 --- [Smart-Classroom-BackEnd] [SpringApplicationShutdownHook] o.s.b.w.e.tomcat.GracefulShutdown        : Commencing graceful shutdown. Waiting for active requests to complete
2025-08-15T20:55:26.166+05:30  INFO 22664 --- [Smart-Classroom-BackEnd] [tomcat-shutdown] o.s.b.w.e.tomcat.GracefulShutdown        : Graceful shutdown complete
2025-08-15T20:55:26.170+05:30  INFO 22664 --- [Smart-Classroom-BackEnd] [SpringApplicationShutdownHook] j.LocalContainerEntityManagerFactoryBean : Closing JPA EntityManagerFactory for persistence unit 'default'
2025-08-15T20:55:26.172+05:30  INFO 22664 --- [Smart-Classroom-BackEnd] [SpringApplicationShutdownHook] com.zaxxer.hikari.HikariDataSource       : HikariPool-1 - Shutdown initiated...
2025-08-15T20:55:26.181+05:30  INFO 22664 --- [Smart-Classroom-BackEnd] [SpringApplicationShutdownHook] com.zaxxer.hikari.HikariDataSource       : HikariPool-1 - Shutdown completed.
2025-08-15T20:55:29.444+05:30  INFO 21788 --- [Smart-Classroom-BackEnd] [main] l.i.g.s.SmartClassroomBackEndApplication : Starting SmartClassroomBackEndApplication using Java 21.0.7 with PID 21788 (C:\IJSE\AAD\AAD-SecondSemester-FinalProject\Smart-Classroom-BackEnd\target\classes started by user in C:\IJSE\AAD\AAD-SecondSemester-FinalProject)
2025-08-15T20:55:29.445+05:30  INFO 21788 --- [Smart-Classroom-BackEnd] [main] l.i.g.s.SmartClassroomBackEndApplication : No active profile set, falling back to 1 default profile: "default"
2025-08-15T20:55:29.955+05:30  INFO 21788 --- [Smart-Classroom-BackEnd] [main] .s.d.r.c.RepositoryConfigurationDelegate : Bootstrapping Spring Data JPA repositories in DEFAULT mode.
2025-08-15T20:55:29.993+05:30  INFO 21788 --- [Smart-Classroom-BackEnd] [main] .s.d.r.c.RepositoryConfigurationDelegate : Finished Spring Data repository scanning in 33 ms. Found 1 JPA repository interface.
2025-08-15T20:55:30.311+05:30  INFO 21788 --- [Smart-Classroom-BackEnd] [main] o.s.b.w.embedded.tomcat.TomcatWebServer  : Tomcat initialized with port 8080 (http)
2025-08-15T20:55:30.320+05:30  INFO 21788 --- [Smart-Classroom-BackEnd] [main] o.apache.catalina.core.StandardService   : Starting service [Tomcat]
2025-08-15T20:55:30.320+05:30  INFO 21788 --- [Smart-Classroom-BackEnd] [main] o.apache.catalina.core.StandardEngine    : Starting Servlet engine: [Apache Tomcat/10.1.43]
2025-08-15T20:55:30.349+05:30  INFO 21788 --- [Smart-Classroom-BackEnd] [main] o.a.c.c.C.[Tomcat].[localhost].[/]       : Initializing Spring embedded WebApplicationContext
2025-08-15T20:55:30.349+05:30  INFO 21788 --- [Smart-Classroom-BackEnd] [main] w.s.c.ServletWebServerApplicationContext : Root WebApplicationContext: initialization completed in 864 ms
2025-08-15T20:55:30.449+05:30  INFO 21788 --- [Smart-Classroom-BackEnd] [main] o.hibernate.jpa.internal.util.LogHelper  : HHH000204: Processing PersistenceUnitInfo [name: default]
2025-08-15T20:55:30.480+05:30  INFO 21788 --- [Smart-Classroom-BackEnd] [main] org.hibernate.Version                    : HHH000412: Hibernate ORM core version 6.6.22.Final
2025-08-15T20:55:30.503+05:30  INFO 21788 --- [Smart-Classroom-BackEnd] [main] o.h.c.internal.RegionFactoryInitiator    : HHH000026: Second-level cache disabled
2025-08-15T20:55:30.689+05:30  INFO 21788 --- [Smart-Classroom-BackEnd] [main] o.s.o.j.p.SpringPersistenceUnitInfo      : No LoadTimeWeaver setup: ignoring JPA class transformer
2025-08-15T20:55:30.709+05:30  INFO 21788 --- [Smart-Classroom-BackEnd] [main] com.zaxxer.hikari.HikariDataSource       : HikariPool-1 - Starting...
2025-08-15T20:55:30.924+05:30  INFO 21788 --- [Smart-Classroom-BackEnd] [main] com.zaxxer.hikari.pool.HikariPool        : HikariPool-1 - Added connection com.mysql.cj.jdbc.ConnectionImpl@7c8f047a
2025-08-15T20:55:30.925+05:30  INFO 21788 --- [Smart-Classroom-BackEnd] [main] com.zaxxer.hikari.HikariDataSource       : HikariPool-1 - Start completed.
2025-08-15T20:55:30.958+05:30  WARN 21788 --- [Smart-Classroom-BackEnd] [main] org.hibernate.orm.deprecation            : HHH90000025: MySQLDialect does not need to be specified explicitly using 'hibernate.dialect' (remove the property setting and it will be selected by default)
2025-08-15T20:55:30.968+05:30  INFO 21788 --- [Smart-Classroom-BackEnd] [main] org.hibernate.orm.connections.pooling    : HHH10001005: Database info:
	Database JDBC URL [Connecting through datasource 'HikariDataSource (HikariPool-1)']
	Database driver: undefined/unknown
	Database version: 8.0.36
	Autocommit mode: undefined/unknown
	Isolation level: undefined/unknown
	Minimum pool size: undefined/unknown
	Maximum pool size: undefined/unknown
2025-08-15T20:55:31.569+05:30  INFO 21788 --- [Smart-Classroom-BackEnd] [main] o.h.e.t.j.p.i.JtaPlatformInitiator       : HHH000489: No JTA platform available (set 'hibernate.transaction.jta.platform' to enable JTA platform integration)
2025-08-15T20:55:31.605+05:30  INFO 21788 --- [Smart-Classroom-BackEnd] [main] j.LocalContainerEntityManagerFactoryBean : Initialized JPA EntityManagerFactory for persistence unit 'default'
2025-08-15T20:55:31.756+05:30  WARN 21788 --- [Smart-Classroom-BackEnd] [main] JpaBaseConfiguration$JpaWebConfiguration : spring.jpa.open-in-view is enabled by default. Therefore, database queries may be performed during view rendering. Explicitly configure spring.jpa.open-in-view to disable this warning
2025-08-15T20:55:32.132+05:30  INFO 21788 --- [Smart-Classroom-BackEnd] [main] o.s.b.w.embedded.tomcat.TomcatWebServer  : Tomcat started on port 8080 (http) with context path '/'
2025-08-15T20:55:32.141+05:30  INFO 21788 --- [Smart-Classroom-BackEnd] [main] l.i.g.s.SmartClassroomBackEndApplication : Started SmartClassroomBackEndApplication in 3.05 seconds (process running for 3.536)
2025-08-15T20:55:35.325+05:30  INFO 21788 --- [Smart-Classroom-BackEnd] [http-nio-8080-exec-2] o.a.c.c.C.[Tomcat].[localhost].[/]       : Initializing Spring DispatcherServlet 'dispatcherServlet'
2025-08-15T20:55:35.325+05:30  INFO 21788 --- [Smart-Classroom-BackEnd] [http-nio-8080-exec-2] o.s.web.servlet.DispatcherServlet        : Initializing Servlet 'dispatcherServlet'
2025-08-15T20:55:35.325+05:30  INFO 21788 --- [Smart-Classroom-BackEnd] [http-nio-8080-exec-2] o.s.web.servlet.DispatcherServlet        : Completed initialization in 0 ms
2025-08-15T21:27:15.425+05:30  INFO 21788 --- [Smart-Classroom-BackEnd] [SpringApplicationShutdownHook] o.s.b.w.e.tomcat.GracefulShutdown        : Commencing graceful shutdown. Waiting for active requests to complete
2025-08-15T21:27:15.432+05:30  INFO 21788 --- [Smart-Classroom-BackEnd] [tomcat-shutdown] o.s.b.w.e.tomcat.GracefulShutdown        : Graceful shutdown complete
2025-08-15T21:27:15.436+05:30  INFO 21788 --- [Smart-Classroom-BackEnd] [SpringApplicationShutdownHook] j.LocalContainerEntityManagerFactoryBean : Closing JPA EntityManagerFactory for persistence unit 'default'
2025-08-15T21:27:15.438+05:30  INFO 21788 --- [Smart-Classroom-BackEnd] [SpringApplicationShutdownHook] com.zaxxer.hikari.HikariDataSource       : HikariPool-1 - Shutdown initiated...
2025-08-15T21:27:15.444+05:30  INFO 21788 --- [Smart-Classroom-BackEnd] [SpringApplicationShutdownHook] com.zaxxer.hikari.HikariDataSource       : HikariPool-1 - Shutdown completed.
2025-08-15T21:27:19.041+05:30  INFO 23080 --- [Smart-Classroom-BackEnd] [main] l.i.g.s.SmartClassroomBackEndApplication : Starting SmartClassroomBackEndApplication using Java 21.0.7 with PID 23080 (C:\IJSE\AAD\AAD-SecondSemester-FinalProject\Smart-Classroom-BackEnd\target\classes started by user in C:\IJSE\AAD\AAD-SecondSemester-FinalProject)
2025-08-15T21:27:19.044+05:30  INFO 23080 --- [Smart-Classroom-BackEnd] [main] l.i.g.s.SmartClassroomBackEndApplication : No active profile set, falling back to 1 default profile: "default"
2025-08-15T21:27:19.565+05:30  INFO 23080 --- [Smart-Classroom-BackEnd] [main] .s.d.r.c.RepositoryConfigurationDelegate : Bootstrapping Spring Data JPA repositories in DEFAULT mode.
2025-08-15T21:27:19.603+05:30  INFO 23080 --- [Smart-Classroom-BackEnd] [main] .s.d.r.c.RepositoryConfigurationDelegate : Finished Spring Data repository scanning in 31 ms. Found 1 JPA repository interface.
2025-08-15T21:27:19.910+05:30  INFO 23080 --- [Smart-Classroom-BackEnd] [main] o.s.b.w.embedded.tomcat.TomcatWebServer  : Tomcat initialized with port 8080 (http)
2025-08-15T21:27:19.918+05:30  INFO 23080 --- [Smart-Classroom-BackEnd] [main] o.apache.catalina.core.StandardService   : Starting service [Tomcat]
2025-08-15T21:27:19.918+05:30  INFO 23080 --- [Smart-Classroom-BackEnd] [main] o.apache.catalina.core.StandardEngine    : Starting Servlet engine: [Apache Tomcat/10.1.43]
2025-08-15T21:27:19.946+05:30  INFO 23080 --- [Smart-Classroom-BackEnd] [main] o.a.c.c.C.[Tomcat].[localhost].[/]       : Initializing Spring embedded WebApplicationContext
2025-08-15T21:27:19.947+05:30  INFO 23080 --- [Smart-Classroom-BackEnd] [main] w.s.c.ServletWebServerApplicationContext : Root WebApplicationContext: initialization completed in 862 ms
2025-08-15T21:27:20.049+05:30  INFO 23080 --- [Smart-Classroom-BackEnd] [main] o.hibernate.jpa.internal.util.LogHelper  : HHH000204: Processing PersistenceUnitInfo [name: default]
2025-08-15T21:27:20.082+05:30  INFO 23080 --- [Smart-Classroom-BackEnd] [main] org.hibernate.Version                    : HHH000412: Hibernate ORM core version 6.6.22.Final
2025-08-15T21:27:20.105+05:30  INFO 23080 --- [Smart-Classroom-BackEnd] [main] o.h.c.internal.RegionFactoryInitiator    : HHH000026: Second-level cache disabled
2025-08-15T21:27:20.299+05:30  INFO 23080 --- [Smart-Classroom-BackEnd] [main] o.s.o.j.p.SpringPersistenceUnitInfo      : No LoadTimeWeaver setup: ignoring JPA class transformer
2025-08-15T21:27:20.319+05:30  INFO 23080 --- [Smart-Classroom-BackEnd] [main] com.zaxxer.hikari.HikariDataSource       : HikariPool-1 - Starting...
2025-08-15T21:27:20.577+05:30  INFO 23080 --- [Smart-Classroom-BackEnd] [main] com.zaxxer.hikari.pool.HikariPool        : HikariPool-1 - Added connection com.mysql.cj.jdbc.ConnectionImpl@5158a9f7
2025-08-15T21:27:20.578+05:30  INFO 23080 --- [Smart-Classroom-BackEnd] [main] com.zaxxer.hikari.HikariDataSource       : HikariPool-1 - Start completed.
2025-08-15T21:27:20.619+05:30  WARN 23080 --- [Smart-Classroom-BackEnd] [main] org.hibernate.orm.deprecation            : HHH90000025: MySQLDialect does not need to be specified explicitly using 'hibernate.dialect' (remove the property setting and it will be selected by default)
2025-08-15T21:27:20.632+05:30  INFO 23080 --- [Smart-Classroom-BackEnd] [main] org.hibernate.orm.connections.pooling    : HHH10001005: Database info:
	Database JDBC URL [Connecting through datasource 'HikariDataSource (HikariPool-1)']
	Database driver: undefined/unknown
	Database version: 8.0.36
	Autocommit mode: undefined/unknown
	Isolation level: undefined/unknown
	Minimum pool size: undefined/unknown
	Maximum pool size: undefined/unknown
2025-08-15T21:27:21.287+05:30  INFO 23080 --- [Smart-Classroom-BackEnd] [main] o.h.e.t.j.p.i.JtaPlatformInitiator       : HHH000489: No JTA platform available (set 'hibernate.transaction.jta.platform' to enable JTA platform integration)
2025-08-15T21:27:21.329+05:30  INFO 23080 --- [Smart-Classroom-BackEnd] [main] j.LocalContainerEntityManagerFactoryBean : Initialized JPA EntityManagerFactory for persistence unit 'default'
2025-08-15T21:27:21.567+05:30  WARN 23080 --- [Smart-Classroom-BackEnd] [main] JpaBaseConfiguration$JpaWebConfiguration : spring.jpa.open-in-view is enabled by default. Therefore, database queries may be performed during view rendering. Explicitly configure spring.jpa.open-in-view to disable this warning
2025-08-15T21:27:21.810+05:30  INFO 23080 --- [Smart-Classroom-BackEnd] [main] o.s.b.w.embedded.tomcat.TomcatWebServer  : Tomcat started on port 8080 (http) with context path '/'
2025-08-15T21:27:21.814+05:30  INFO 23080 --- [Smart-Classroom-BackEnd] [main] l.i.g.s.SmartClassroomBackEndApplication : Started SmartClassroomBackEndApplication in 3.141 seconds (process running for 3.673)
2025-08-15T21:27:30.773+05:30  INFO 23080 --- [Smart-Classroom-BackEnd] [http-nio-8080-exec-1] o.a.c.c.C.[Tomcat].[localhost].[/]       : Initializing Spring DispatcherServlet 'dispatcherServlet'
2025-08-15T21:27:30.773+05:30  INFO 23080 --- [Smart-Classroom-BackEnd] [http-nio-8080-exec-1] o.s.web.servlet.DispatcherServlet        : Initializing Servlet 'dispatcherServlet'
2025-08-15T21:27:30.774+05:30  INFO 23080 --- [Smart-Classroom-BackEnd] [http-nio-8080-exec-1] o.s.web.servlet.DispatcherServlet        : Completed initialization in 1 ms
